#
# There is insufficient memory for the Java Runtime Environment to continue.
# Native memory allocation (malloc) failed to allocate 32744 bytes for ChunkPool::allocate
# Possible reasons:
#   The system is out of physical RAM or swap space
#   The process is running with CompressedOops enabled, and the Java Heap may be blocking the growth of the native heap
# Possible solutions:
#   Reduce memory load on the system
#   Increase physical memory or swap space
#   Check if swap backing store is full
#   Decrease Java heap size (-Xmx/-Xms)
#   Decrease number of Java threads
#   Decrease Java thread stack sizes (-Xss)
#   Set larger code cache with -XX:ReservedCodeCacheSize=
#   JVM is running with Zero Based Compressed Oops mode in which the Java heap is
#     placed in the first 32GB address space. The Java Heap base address is the
#     maximum limit for the native heap growth. Please use -XX:HeapBaseMinAddress
#     to set the Java Heap base and to place the Java Heap above 32GB virtual address.
# This output file may be truncated or incomplete.
#
#  Out of Memory Error (allocation.cpp:272), pid=24380, tid=0x00000000000060e0
#
# JRE version: Java(TM) SE Runtime Environment (8.0_281-b09) (build 1.8.0_281-b09)
# Java VM: Java HotSpot(TM) 64-Bit Server VM (25.281-b09 mixed mode windows-amd64 compressed oops)
# Failed to write core dump. Minidumps are not enabled by default on client versions of Windows
#

---------------  T H R E A D  ---------------

Current thread (0x000001a86ad2c000):  JavaThread "C2 CompilerThread1" daemon [_thread_in_native, id=24800, stack(0x0000003c4b900000,0x0000003c4ba00000)]

Stack: [0x0000003c4b900000,0x0000003c4ba00000]
Native frames: (J=compiled Java code, j=interpreted, Vv=VM code, C=native code)
V  [jvm.dll+0x32e5b9]


Current CompileTask:
C2:   3223 2233   !   4       java.net.URLClassLoader$1::run (63 bytes)


---------------  P R O C E S S  ---------------

Java Threads: ( => current thread )
  0x000001a86ada2000 JavaThread "Service Thread" daemon [_thread_blocked, id=25692, stack(0x0000003c4bb00000,0x0000003c4bc00000)]
  0x000001a86ad99800 JavaThread "C1 CompilerThread2" daemon [_thread_blocked, id=30284, stack(0x0000003c4ba00000,0x0000003c4bb00000)]
=>0x000001a86ad2c000 JavaThread "C2 CompilerThread1" daemon [_thread_in_native, id=24800, stack(0x0000003c4b900000,0x0000003c4ba00000)]
  0x000001a86ad25000 JavaThread "C2 CompilerThread0" daemon [_thread_in_native, id=35508, stack(0x0000003c4b800000,0x0000003c4b900000)]
  0x000001a86ad21000 JavaThread "Monitor Ctrl-Break" daemon [_thread_in_native, id=35216, stack(0x0000003c4b700000,0x0000003c4b800000)]
  0x000001a86a1c4800 JavaThread "Attach Listener" daemon [_thread_blocked, id=18164, stack(0x0000003c4b600000,0x0000003c4b700000)]
  0x000001a86a16f800 JavaThread "Signal Dispatcher" daemon [_thread_blocked, id=12596, stack(0x0000003c4b500000,0x0000003c4b600000)]
  0x000001a86a142000 JavaThread "Finalizer" daemon [_thread_blocked, id=35788, stack(0x0000003c4b400000,0x0000003c4b500000)]
  0x000001a86a13a800 JavaThread "Reference Handler" daemon [_thread_blocked, id=23244, stack(0x0000003c4b300000,0x0000003c4b400000)]
  0x000001a8513b0800 JavaThread "main" [_thread_in_vm, id=16640, stack(0x0000003c4ad00000,0x0000003c4ae00000)]

Other Threads:
  0x000001a86a115000 VMThread [stack: 0x0000003c4b200000,0x0000003c4b300000] [id=14176]
  0x000001a86ae7b800 WatcherThread [stack: 0x0000003c4bc00000,0x0000003c4bd00000] [id=6296]

VM state:not at safepoint (normal execution)

VM Mutex/Monitor currently owned by a thread: None

heap address: 0x0000000701400000, size: 3052 MB, Compressed Oops mode: Zero based, Oop shift amount: 3
Narrow klass base: 0x0000000000000000, Narrow klass shift: 3
Compressed class space size: 1073741824 Address: 0x00000007c0000000

Heap:
 PSYoungGen      total 57344K, used 42754K [0x0000000780700000, 0x0000000787700000, 0x00000007c0000000)
  eden space 49152K, 86% used [0x0000000780700000,0x00000007830c0af8,0x0000000783700000)
  from space 8192K, 0% used [0x0000000783700000,0x0000000783700000,0x0000000783f00000)
  to   space 8192K, 0% used [0x0000000786f00000,0x0000000786f00000,0x0000000787700000)
 ParOldGen       total 81408K, used 7185K [0x0000000701400000, 0x0000000706380000, 0x0000000780700000)
  object space 81408K, 8% used [0x0000000701400000,0x0000000701b04648,0x0000000706380000)
 Metaspace       used 24491K, capacity 26076K, committed 26240K, reserved 1073152K
  class space    used 3153K, capacity 3456K, committed 3456K, reserved 1048576K

Card table byte_map: [0x000001a8621b0000,0x000001a8627b0000] byte_map_base: 0x000001a85e9a6000

Marking Bits: (ParMarkBitMap*) 0x000000005bf46ff0
 Begin Bits: [0x000001a862bb0000, 0x000001a865b60000)
 End Bits:   [0x000001a865b60000, 0x000001a868b10000)

Polling page: 0x000001a851350000

CodeCache: size=245760Kb used=7984Kb max_used=7984Kb free=237775Kb
 bounds [0x000001a852df0000, 0x000001a8535c0000, 0x000001a861df0000]
 total_blobs=2770 nmethods=2392 adapters=290
 compilation: enabled

Compilation events (10 events):
Event: 3.205 Thread 0x000001a86ad99800 2390       3       sun.misc.FDBigInteger::<init> (30 bytes)
Event: 3.205 Thread 0x000001a86ad99800 nmethod 2390 0x000001a8535b8d50 code [0x000001a8535b8ec0, 0x000001a8535b90f0]
Event: 3.205 Thread 0x000001a86ad99800 2391       3       sun.misc.FDBigInteger::trimLeadingZeros (57 bytes)
Event: 3.205 Thread 0x000001a86ad99800 nmethod 2391 0x000001a8535b9210 code [0x000001a8535b9380, 0x000001a8535b96b8]
Event: 3.205 Thread 0x000001a86ad99800 2392       3       sun.misc.FDBigInteger::makeImmutable (6 bytes)
Event: 3.205 Thread 0x000001a86ad99800 nmethod 2392 0x000001a8535b97d0 code [0x000001a8535b9920, 0x000001a8535b9a78]
Event: 3.206 Thread 0x000001a86ad99800 2393       3       sun.misc.FDBigInteger::mult (44 bytes)
Event: 3.206 Thread 0x000001a86ad99800 nmethod 2393 0x000001a8535b9b10 code [0x000001a8535b9ca0, 0x000001a8535b9fc0]
Event: 3.209 Thread 0x000001a86ad99800 2394       3       java.util.Objects::hash (5 bytes)
Event: 3.209 Thread 0x000001a86ad99800 nmethod 2394 0x000001a8535ba0d0 code [0x000001a8535ba240, 0x000001a8535ba3b0]

GC Heap History (8 events):
Event: 1.244 GC heap before
{Heap before GC invocations=1 (full 0):
 PSYoungGen      total 57344K, used 49152K [0x0000000780700000, 0x0000000784700000, 0x00000007c0000000)
  eden space 49152K, 100% used [0x0000000780700000,0x0000000783700000,0x0000000783700000)
  from space 8192K, 0% used [0x0000000783f00000,0x0000000783f00000,0x0000000784700000)
  to   space 8192K, 0% used [0x0000000783700000,0x0000000783700000,0x0000000783f00000)
 ParOldGen       total 131072K, used 0K [0x0000000701400000, 0x0000000709400000, 0x0000000780700000)
  object space 131072K, 0% used [0x0000000701400000,0x0000000701400000,0x0000000709400000)
 Metaspace       used 12109K, capacity 12714K, committed 12928K, reserved 1060864K
  class space    used 1504K, capacity 1661K, committed 1664K, reserved 1048576K
Event: 1.254 GC heap after
Heap after GC invocations=1 (full 0):
 PSYoungGen      total 57344K, used 6800K [0x0000000780700000, 0x0000000784700000, 0x00000007c0000000)
  eden space 49152K, 0% used [0x0000000780700000,0x0000000780700000,0x0000000783700000)
  from space 8192K, 83% used [0x0000000783700000,0x0000000783da4078,0x0000000783f00000)
  to   space 8192K, 0% used [0x0000000783f00000,0x0000000783f00000,0x0000000784700000)
 ParOldGen       total 131072K, used 8K [0x0000000701400000, 0x0000000709400000, 0x0000000780700000)
  object space 131072K, 0% used [0x0000000701400000,0x0000000701402000,0x0000000709400000)
 Metaspace       used 12109K, capacity 12714K, committed 12928K, reserved 1060864K
  class space    used 1504K, capacity 1661K, committed 1664K, reserved 1048576K
}
Event: 1.663 GC heap before
{Heap before GC invocations=2 (full 0):
 PSYoungGen      total 57344K, used 55952K [0x0000000780700000, 0x0000000784700000, 0x00000007c0000000)
  eden space 49152K, 100% used [0x0000000780700000,0x0000000783700000,0x0000000783700000)
  from space 8192K, 83% used [0x0000000783700000,0x0000000783da4078,0x0000000783f00000)
  to   space 8192K, 0% used [0x0000000783f00000,0x0000000783f00000,0x0000000784700000)
 ParOldGen       total 131072K, used 8K [0x0000000701400000, 0x0000000709400000, 0x0000000780700000)
  object space 131072K, 0% used [0x0000000701400000,0x0000000701402000,0x0000000709400000)
 Metaspace       used 18944K, capacity 19794K, committed 20096K, reserved 1067008K
  class space    used 2369K, capacity 2585K, committed 2688K, reserved 1048576K
Event: 1.673 GC heap after
Heap after GC invocations=2 (full 0):
 PSYoungGen      total 57344K, used 8173K [0x0000000780700000, 0x0000000787700000, 0x00000007c0000000)
  eden space 49152K, 0% used [0x0000000780700000,0x0000000780700000,0x0000000783700000)
  from space 8192K, 99% used [0x0000000783f00000,0x00000007846fb680,0x0000000784700000)
  to   space 8192K, 0% used [0x0000000783700000,0x0000000783700000,0x0000000783f00000)
 ParOldGen       total 131072K, used 1946K [0x0000000701400000, 0x0000000709400000, 0x0000000780700000)
  object space 131072K, 1% used [0x0000000701400000,0x00000007015e6808,0x0000000709400000)
 Metaspace       used 18944K, capacity 19794K, committed 20096K, reserved 1067008K
  class space    used 2369K, capacity 2585K, committed 2688K, reserved 1048576K
}
Event: 2.136 GC heap before
{Heap before GC invocations=3 (full 0):
 PSYoungGen      total 57344K, used 33269K [0x0000000780700000, 0x0000000787700000, 0x00000007c0000000)
  eden space 49152K, 51% used [0x0000000780700000,0x0000000781f820b0,0x0000000783700000)
  from space 8192K, 99% used [0x0000000783f00000,0x00000007846fb680,0x0000000784700000)
  to   space 8192K, 0% used [0x0000000783700000,0x0000000783700000,0x0000000783f00000)
 ParOldGen       total 131072K, used 1946K [0x0000000701400000, 0x0000000709400000, 0x0000000780700000)
  object space 131072K, 1% used [0x0000000701400000,0x00000007015e6808,0x0000000709400000)
 Metaspace       used 20194K, capacity 21166K, committed 21248K, reserved 1067008K
  class space    used 2537K, capacity 2757K, committed 2816K, reserved 1048576K
Event: 2.143 GC heap after
Heap after GC invocations=3 (full 0):
 PSYoungGen      total 57344K, used 7360K [0x0000000780700000, 0x0000000787700000, 0x00000007c0000000)
  eden space 49152K, 0% used [0x0000000780700000,0x0000000780700000,0x0000000783700000)
  from space 8192K, 89% used [0x0000000783700000,0x0000000783e303c0,0x0000000783f00000)
  to   space 8192K, 0% used [0x0000000786f00000,0x0000000786f00000,0x0000000787700000)
 ParOldGen       total 131072K, used 1954K [0x0000000701400000, 0x0000000709400000, 0x0000000780700000)
  object space 131072K, 1% used [0x0000000701400000,0x00000007015e8808,0x0000000709400000)
 Metaspace       used 20194K, capacity 21166K, committed 21248K, reserved 1067008K
  class space    used 2537K, capacity 2757K, committed 2816K, reserved 1048576K
}
Event: 2.143 GC heap before
{Heap before GC invocations=4 (full 1):
 PSYoungGen      total 57344K, used 7360K [0x0000000780700000, 0x0000000787700000, 0x00000007c0000000)
  eden space 49152K, 0% used [0x0000000780700000,0x0000000780700000,0x0000000783700000)
  from space 8192K, 89% used [0x0000000783700000,0x0000000783e303c0,0x0000000783f00000)
  to   space 8192K, 0% used [0x0000000786f00000,0x0000000786f00000,0x0000000787700000)
 ParOldGen       total 131072K, used 1954K [0x0000000701400000, 0x0000000709400000, 0x0000000780700000)
  object space 131072K, 1% used [0x0000000701400000,0x00000007015e8808,0x0000000709400000)
 Metaspace       used 20194K, capacity 21166K, committed 21248K, reserved 1067008K
  class space    used 2537K, capacity 2757K, committed 2816K, reserved 1048576K
Event: 2.169 GC heap after
Heap after GC invocations=4 (full 1):
 PSYoungGen      total 57344K, used 0K [0x0000000780700000, 0x0000000787700000, 0x00000007c0000000)
  eden space 49152K, 0% used [0x0000000780700000,0x0000000780700000,0x0000000783700000)
  from space 8192K, 0% used [0x0000000783700000,0x0000000783700000,0x0000000783f00000)
  to   space 8192K, 0% used [0x0000000786f00000,0x0000000786f00000,0x0000000787700000)
 ParOldGen       total 81408K, used 7185K [0x0000000701400000, 0x0000000706380000, 0x0000000780700000)
  object space 81408K, 8% used [0x0000000701400000,0x0000000701b04648,0x0000000706380000)
 Metaspace       used 20194K, capacity 21166K, committed 21248K, reserved 1067008K
  class space    used 2537K, capacity 2757K, committed 2816K, reserved 1048576K
}

Deoptimization events (10 events):
Event: 2.514 Thread 0x000001a8513b0800 Uncommon trap: reason=class_check action=maybe_recompile pc=0x000001a8532203ec method=java.util.HashMap.putVal(ILjava/lang/Object;Ljava/lang/Object;ZZ)Ljava/lang/Object; @ 203
Event: 2.801 Thread 0x000001a8513b0800 Uncommon trap: reason=unstable_if action=reinterpret pc=0x000001a853486c48 method=org.springframework.beans.factory.support.AbstractBeanFactory.getMergedLocalBeanDefinition(Ljava/lang/String;)Lorg/springframework/beans/factory/support/RootBeanDefinition; 
Event: 2.810 Thread 0x000001a8513b0800 Uncommon trap: reason=unstable_if action=reinterpret pc=0x000001a853496658 method=org.springframework.beans.factory.support.DefaultSingletonBeanRegistry.getSingleton(Ljava/lang/String;Z)Ljava/lang/Object; @ 20
Event: 2.859 Thread 0x000001a8513b0800 Uncommon trap: reason=unstable_if action=reinterpret pc=0x000001a8534ab524 method=org.springframework.beans.factory.support.AbstractBeanFactory.hasInstantiationAwareBeanPostProcessors()Z @ 12
Event: 2.893 Thread 0x000001a8513b0800 Uncommon trap: reason=class_check action=maybe_recompile pc=0x000001a8534f52ac method=org.springframework.beans.factory.support.AbstractBeanFactory.getBeanPostProcessorCache()Lorg/springframework/beans/factory/support/AbstractBeanFactory$BeanPostProcessor
Event: 2.924 Thread 0x000001a8513b0800 Uncommon trap: reason=class_check action=maybe_recompile pc=0x000001a8534f52ac method=org.springframework.beans.factory.support.AbstractBeanFactory.getBeanPostProcessorCache()Lorg/springframework/beans/factory/support/AbstractBeanFactory$BeanPostProcessor
Event: 2.928 Thread 0x000001a8513b0800 Uncommon trap: reason=class_check action=maybe_recompile pc=0x000001a8534f52ac method=org.springframework.beans.factory.support.AbstractBeanFactory.getBeanPostProcessorCache()Lorg/springframework/beans/factory/support/AbstractBeanFactory$BeanPostProcessor
Event: 3.022 Thread 0x000001a8513b0800 Uncommon trap: reason=unstable_if action=reinterpret pc=0x000001a85352fc40 method=org.springframework.beans.factory.support.AbstractAutowireCapableBeanFactory.predictBeanType(Ljava/lang/String;Lorg/springframework/beans/factory/support/RootBeanDefinition;
Event: 3.177 Thread 0x000001a8513b0800 Uncommon trap: reason=unstable_if action=reinterpret pc=0x000001a8533eae58 method=java.util.LinkedHashMap.get(Ljava/lang/Object;)Ljava/lang/Object; @ 20
Event: 3.187 Thread 0x000001a8513b0800 Uncommon trap: reason=unstable_if action=reinterpret pc=0x000001a8532cfc68 method=java.util.Properties.loadConvert([CII[C)Ljava/lang/String; @ 57

Classes redefined (0 events):
No events

Internal exceptions (10 events):
Event: 2.921 Thread 0x000001a8513b0800 Exception <a 'java/lang/ClassNotFoundException': org/springframework/beans/factory/config/SmartInstantiationAwareBeanPostProcessorCustomizer> (0x00000007822b2408) thrown at [C:\jenkins\workspace\8-2-build-windows-amd64-cygwin\jdk8u281\880\hotspot\src\shar
Event: 2.921 Thread 0x000001a8513b0800 Exception <a 'java/lang/ClassNotFoundException': org/springframework/beans/factory/config/InstantiationAwareBeanPostProcessorCustomizer> (0x00000007822c8920) thrown at [C:\jenkins\workspace\8-2-build-windows-amd64-cygwin\jdk8u281\880\hotspot\src\share\vm\
Event: 2.921 Thread 0x000001a8513b0800 Exception <a 'java/lang/ClassNotFoundException': org/springframework/beans/factory/config/BeanPostProcessorCustomizer> (0x00000007822dc1d0) thrown at [C:\jenkins\workspace\8-2-build-windows-amd64-cygwin\jdk8u281\880\hotspot\src\share\vm\classfile\systemDi
Event: 2.922 Thread 0x000001a8513b0800 Exception <a 'java/lang/ClassNotFoundException': org/springframework/beans/factory/BeanFactoryAwareCustomizer> (0x00000007822eb7d8) thrown at [C:\jenkins\workspace\8-2-build-windows-amd64-cygwin\jdk8u281\880\hotspot\src\share\vm\classfile\systemDictionary
Event: 2.922 Thread 0x000001a8513b0800 Exception <a 'java/lang/ClassNotFoundException': org/springframework/beans/factory/AwareCustomizer> (0x00000007822f8f40) thrown at [C:\jenkins\workspace\8-2-build-windows-amd64-cygwin\jdk8u281\880\hotspot\src\share\vm\classfile\systemDictionary.cpp, line 
Event: 2.922 Thread 0x000001a8513b0800 Exception <a 'java/lang/ClassNotFoundException': org/springframework/core/OrderedCustomizer> (0x0000000782303cd8) thrown at [C:\jenkins\workspace\8-2-build-windows-amd64-cygwin\jdk8u281\880\hotspot\src\share\vm\classfile\systemDictionary.cpp, line 212]
Event: 2.922 Thread 0x000001a8513b0800 Exception <a 'java/lang/ClassNotFoundException': org/springframework/beans/factory/BeanClassLoaderAwareCustomizer> (0x0000000782312f88) thrown at [C:\jenkins\workspace\8-2-build-windows-amd64-cygwin\jdk8u281\880\hotspot\src\share\vm\classfile\systemDictio
Event: 2.922 Thread 0x000001a8513b0800 Exception <a 'java/lang/ClassNotFoundException': org/springframework/beans/factory/AwareCustomizer> (0x0000000782320180) thrown at [C:\jenkins\workspace\8-2-build-windows-amd64-cygwin\jdk8u281\880\hotspot\src\share\vm\classfile\systemDictionary.cpp, line 
Event: 2.923 Thread 0x000001a8513b0800 Exception <a 'java/lang/ClassNotFoundException': org/springframework/aop/framework/AopInfrastructureBeanCustomizer> (0x000000078232e7e0) thrown at [C:\jenkins\workspace\8-2-build-windows-amd64-cygwin\jdk8u281\880\hotspot\src\share\vm\classfile\systemDicti
Event: 3.098 Thread 0x000001a8513b0800 Exception <a 'java/lang/IncompatibleClassChangeError': Found class java.lang.Object, but interface was expected> (0x0000000782a550e0) thrown at [C:\jenkins\workspace\8-2-build-windows-amd64-cygwin\jdk8u281\880\hotspot\src\share\vm\interpreter\linkResolver

Events (10 events):
Event: 3.211 loading class java/security/MessageDigest$Delegate
Event: 3.211 loading class sun/security/util/MessageDigestSpi2
Event: 3.211 loading class sun/security/util/MessageDigestSpi2 done
Event: 3.211 loading class java/security/MessageDigest$Delegate done
Event: 3.211 loading class sun/security/provider/SecureRandom$SeederHolder
Event: 3.211 loading class sun/security/provider/SecureRandom$SeederHolder done
Event: 3.211 loading class sun/security/provider/SeedGenerator
Event: 3.211 loading class sun/security/provider/SeedGenerator done
Event: 3.211 loading class sun/security/provider/NativeSeedGenerator
Event: 3.211 loading class sun/security/provider/NativeSeedGenerator done


Dynamic libraries:
0x00007ff717ed0000 - 0x00007ff717f17000 	D:\Program Files\Java\jdk1.8.0_281\bin\java.exe
0x00007ff95f0d0000 - 0x00007ff95f2c5000 	C:\WINDOWS\SYSTEM32\ntdll.dll
0x00007ff93b020000 - 0x00007ff93b033000 	d:\Program Files\Avast Software\Avast\aswhook.dll
0x00007ff95ed60000 - 0x00007ff95ee1d000 	C:\WINDOWS\System32\KERNEL32.DLL
0x00007ff95c060000 - 0x00007ff95c328000 	C:\WINDOWS\System32\KERNELBASE.dll
0x00007ff95cfd0000 - 0x00007ff95d07c000 	C:\WINDOWS\System32\ADVAPI32.dll
0x00007ff95d080000 - 0x00007ff95d11e000 	C:\WINDOWS\System32\msvcrt.dll
0x00007ff95efd0000 - 0x00007ff95f06b000 	C:\WINDOWS\System32\sechost.dll
0x00007ff95d620000 - 0x00007ff95d74b000 	C:\WINDOWS\System32\RPCRT4.dll
0x00007ff95eb40000 - 0x00007ff95ece0000 	C:\WINDOWS\System32\USER32.dll
0x00007ff95c030000 - 0x00007ff95c052000 	C:\WINDOWS\System32\win32u.dll
0x00007ff95d5d0000 - 0x00007ff95d5fa000 	C:\WINDOWS\System32\GDI32.dll
0x00007ff95c660000 - 0x00007ff95c76b000 	C:\WINDOWS\System32\gdi32full.dll
0x00007ff95c5c0000 - 0x00007ff95c65d000 	C:\WINDOWS\System32\msvcp_win.dll
0x00007ff95c380000 - 0x00007ff95c480000 	C:\WINDOWS\System32\ucrtbase.dll
0x00007ff951f50000 - 0x00007ff9521ea000 	C:\WINDOWS\WinSxS\amd64_microsoft.windows.common-controls_6595b64144ccf1df_6.0.19041.1052_none_60b8f8fd71f5e8cb\COMCTL32.dll
0x00007ff95db50000 - 0x00007ff95db80000 	C:\WINDOWS\System32\IMM32.DLL
0x00007ff947000000 - 0x00007ff947015000 	D:\Program Files\Java\jdk1.8.0_281\jre\bin\vcruntime140.dll
0x00007ff92d940000 - 0x00007ff92d9db000 	D:\Program Files\Java\jdk1.8.0_281\jre\bin\msvcp140.dll
0x000000005b760000 - 0x000000005bfbf000 	D:\Program Files\Java\jdk1.8.0_281\jre\bin\server\jvm.dll
0x00007ff95d750000 - 0x00007ff95d758000 	C:\WINDOWS\System32\PSAPI.DLL
0x00007ff954620000 - 0x00007ff954629000 	C:\WINDOWS\SYSTEM32\WSOCK32.dll
0x00007ff95da00000 - 0x00007ff95da6b000 	C:\WINDOWS\System32\WS2_32.dll
0x00007ff954200000 - 0x00007ff954227000 	C:\WINDOWS\SYSTEM32\WINMM.dll
0x00007ff956880000 - 0x00007ff95688a000 	C:\WINDOWS\SYSTEM32\VERSION.dll
0x00007ff959d00000 - 0x00007ff959d12000 	C:\WINDOWS\SYSTEM32\kernel.appcore.dll
0x00007ff94f650000 - 0x00007ff94f660000 	D:\Program Files\Java\jdk1.8.0_281\jre\bin\verify.dll
0x00007ff93f840000 - 0x00007ff93f86b000 	D:\Program Files\Java\jdk1.8.0_281\jre\bin\java.dll
0x00007ff9402a0000 - 0x00007ff9402d0000 	D:\Program Files\Java\jdk1.8.0_281\jre\bin\instrument.dll
0x00007ff94dba0000 - 0x00007ff94dbb8000 	D:\Program Files\Java\jdk1.8.0_281\jre\bin\zip.dll
0x00007ff95e180000 - 0x00007ff95e8bf000 	C:\WINDOWS\System32\SHELL32.dll
0x00007ff959fe0000 - 0x00007ff95a770000 	C:\WINDOWS\SYSTEM32\windows.storage.dll
0x00007ff95cc70000 - 0x00007ff95cfc5000 	C:\WINDOWS\System32\combase.dll
0x00007ff95b810000 - 0x00007ff95b83c000 	C:\WINDOWS\SYSTEM32\Wldp.dll
0x00007ff95d8f0000 - 0x00007ff95d99e000 	C:\WINDOWS\System32\SHCORE.dll
0x00007ff95d890000 - 0x00007ff95d8e5000 	C:\WINDOWS\System32\shlwapi.dll
0x00007ff95bdb0000 - 0x00007ff95bdcf000 	C:\WINDOWS\SYSTEM32\profapi.dll
0x00007ff946a20000 - 0x00007ff946a3a000 	D:\Program Files\JetBrains\IntelliJ IDEA 2019.3.5\bin\breakgen64.dll
0x00007ff945ff0000 - 0x00007ff94600c000 	D:\Program Files\Java\jdk1.8.0_281\jre\bin\net.dll
0x00007ff95b580000 - 0x00007ff95b5ea000 	C:\WINDOWS\system32\mswsock.dll
0x00007ff94e1d0000 - 0x00007ff94e1dd000 	D:\Program Files\Java\jdk1.8.0_281\jre\bin\management.dll
0x00007ff94dda0000 - 0x00007ff94ddb7000 	C:\WINDOWS\system32\napinsp.dll
0x00007ff94dd80000 - 0x00007ff94dd9b000 	C:\WINDOWS\system32\pnrpnsp.dll
0x00007ff94d3b0000 - 0x00007ff94d3c5000 	C:\WINDOWS\system32\wshbth.dll
0x00007ff956910000 - 0x00007ff95692d000 	C:\WINDOWS\system32\NLAapi.dll
0x00007ff95b270000 - 0x00007ff95b2ab000 	C:\WINDOWS\SYSTEM32\IPHLPAPI.DLL
0x00007ff95b2b0000 - 0x00007ff95b37c000 	C:\WINDOWS\SYSTEM32\DNSAPI.dll
0x00007ff95d310000 - 0x00007ff95d318000 	C:\WINDOWS\System32\NSI.dll
0x00007ff94d390000 - 0x00007ff94d3a2000 	C:\WINDOWS\System32\winrnr.dll
0x000000005d8a0000 - 0x000000005d8c6000 	C:\Program Files\Bonjour\mdnsNSP.dll
0x00007ff9546f0000 - 0x00007ff9546fa000 	C:\Windows\System32\rasadhlp.dll
0x00007ff953b00000 - 0x00007ff953b7f000 	C:\WINDOWS\System32\fwpuclnt.dll
0x00007ff95c770000 - 0x00007ff95c797000 	C:\WINDOWS\System32\bcrypt.dll
0x00007ff940180000 - 0x00007ff940193000 	D:\Program Files\Java\jdk1.8.0_281\jre\bin\nio.dll
0x00007ff95b760000 - 0x00007ff95b778000 	C:\WINDOWS\SYSTEM32\CRYPTSP.dll
0x00007ff95af20000 - 0x00007ff95af54000 	C:\WINDOWS\system32\rsaenh.dll
0x00007ff95bd70000 - 0x00007ff95bd9e000 	C:\WINDOWS\SYSTEM32\USERENV.dll
0x00007ff95c480000 - 0x00007ff95c503000 	C:\WINDOWS\System32\bcryptprimitives.dll
0x00007ff95b750000 - 0x00007ff95b75c000 	C:\WINDOWS\SYSTEM32\CRYPTBASE.dll

VM Arguments:
jvm_args: -javaagent:D:\Program Files\JetBrains\IntelliJ IDEA 2019.3.5\lib\idea_rt.jar=57587:D:\Program Files\JetBrains\IntelliJ IDEA 2019.3.5\bin -Dfile.encoding=UTF-8 
java_command: hello.DemoApplication
java_class_path (initial): D:\Program Files\Java\jdk1.8.0_281\jre\lib\charsets.jar;D:\Program Files\Java\jdk1.8.0_281\jre\lib\deploy.jar;D:\Program Files\Java\jdk1.8.0_281\jre\lib\ext\access-bridge-64.jar;D:\Program Files\Java\jdk1.8.0_281\jre\lib\ext\cldrdata.jar;D:\Program Files\Java\jdk1.8.0_281\jre\lib\ext\dnsns.jar;D:\Program Files\Java\jdk1.8.0_281\jre\lib\ext\jaccess.jar;D:\Program Files\Java\jdk1.8.0_281\jre\lib\ext\jfxrt.jar;D:\Program Files\Java\jdk1.8.0_281\jre\lib\ext\localedata.jar;D:\Program Files\Java\jdk1.8.0_281\jre\lib\ext\nashorn.jar;D:\Program Files\Java\jdk1.8.0_281\jre\lib\ext\sunec.jar;D:\Program Files\Java\jdk1.8.0_281\jre\lib\ext\sunjce_provider.jar;D:\Program Files\Java\jdk1.8.0_281\jre\lib\ext\sunmscapi.jar;D:\Program Files\Java\jdk1.8.0_281\jre\lib\ext\sunpkcs11.jar;D:\Program Files\Java\jdk1.8.0_281\jre\lib\ext\zipfs.jar;D:\Program Files\Java\jdk1.8.0_281\jre\lib\javaws.jar;D:\Program Files\Java\jdk1.8.0_281\jre\lib\jce.jar;D:\Program Files\Java\jdk1.8.0_281\jre\lib\jfr.jar;D:\Program Files\Java\jdk1.8.0_281\jre\lib\jfxswt.jar;D:\Program Files\Java\jdk1.8.0_281\jre\lib\jsse.jar;D:\Program Files\Java\jdk1.8.0_281\jre\lib\management-agent.jar;D:\Program Files\Java\jdk1.8.0_281\jre\lib\plugin.jar;D:\Program Files\Java\jdk1.8.0_281\jre\lib\resources.jar;D:\Program Files\Java\jdk1.8.0_281\jre\lib\rt.jar;D:\work\lanhanhua\AutoTest\Chapter2\target\classes;C:\Users\Administrator\.m2\repository\org\springframework\boot\spring-boot-starter-web\2.5.2\spring-boot-starter-web-2.5.2.jar;C:\Users\Administrator\.m2\repository\org\springframework\boot\spring-boot-starter\2.5.2\spring-boot-starter-2.5.2.jar;C:\Users\Administrator\.m2\repository\org\springframework\boot\spring-boot\2.5.2\spring-boot-2.5.2.jar;C:\Users\Administrator\.m2\repository\org\springframework\boot\spring-boot-autoconfigure\2.5.2\spring-boot-autoconfigure-2.5.2.jar;C:\Users\Administrator\.m2\repository\org\springframework\boot\spring-boot-starter-logging\2.5.2\spring-boot-starter-l
Launcher Type: SUN_STANDARD

Environment Variables:
JAVA_HOME=D:\Program Files\Java\jdk1.8.0_281
CLASSPATH=.;D:\Program Files\Java\jdk1.8.0_281\lib\dt.jar;D:\Program Files\Java\jdk1.8.0_281\lib\tools.jar;
PATH=C:\Program Files (x86)\Common Files\Oracle\Java\javapath;C:\WINDOWS\system32;C:\WINDOWS;C:\WINDOWS\System32\Wbem;C:\WINDOWS\System32\WindowsPowerShell\v1.0\;C:\WINDOWS\System32\OpenSSH\;d:\Program Files\OpenVPN\bin;d:\Program Files\Git\cmd;D:\Program Files\apache-maven-3.6.3\bin;D:\Program Files\apache-maven-3.6.3\bin;D:\Program Files\Java\jdk1.8.0_281\bin;D:\Program Files\Java\jre\bin;C:\Users\Administrator\AppData\Local\Microsoft\WindowsApps;;d:\Program Files\JetBrains\IntelliJ IDEA 2019.3.5\bin;;d:\Program Files\JetBrains\PyCharm 211\bin;;d:\Programs\Fiddler
USERNAME=test
OS=Windows_NT
PROCESSOR_IDENTIFIER=Intel64 Family 6 Model 60 Stepping 3, GenuineIntel



---------------  S Y S T E M  ---------------

OS: Windows 10.0 , 64 bit Build 19041 (10.0.19041.1023)

CPU:total 4 (initial active 4) (4 cores per cpu, 1 threads per core) family 6 model 60 stepping 3, cmov, cx8, fxsr, mmx, sse, sse2, sse3, ssse3, sse4.1, sse4.2, popcnt, avx, avx2, aes, clmul, erms, lzcnt, tsc, tscinvbit, bmi1, bmi2

Memory: 4k page, physical 12499484k(3089472k free), swap 32037448k(5120k free)

vm_info: Java HotSpot(TM) 64-Bit Server VM (25.281-b09) for windows-amd64 JRE (1.8.0_281-b09), built on Dec  9 2020 13:54:07 by "" with MS VC++ 15.9 (VS2017)

time: Tue Jul 13 11:33:20 2021
timezone: 中国标准时间
elapsed time: 3.266687 seconds (0d 0h 0m 3s)

